;  LST file generated by mikroListExporter - v.2.0 
; Date/Time: 2/4/2016 10:43:23 AM
;----------------------------------------------

;Address Opcode 	ASM
0x0000	0xF003EF20  	GOTO        1600
0x0004	0x0000      	NOP
0x0006	0x0000      	NOP
0x0008	0xF000EF00  	GOTO        0
0x000C	0x0000      	NOP
0x000E	0x0000      	NOP
0x0010	0x0000      	NOP
0x0012	0x0000      	NOP
0x0014	0x0000      	NOP
0x0016	0x0000      	NOP
0x0018	0xD7F3      	BRA         0
_PWM1_Init:
;__Lib_PWM_c21.c,36 :: 		
;__Lib_PWM_c21.c,37 :: 		
;__Lib_PWM_c21.c,38 :: 		
0x001C	0x6ABE      	CLRF        CCPR1L 
;__Lib_PWM_c21.c,39 :: 		
0x001E	0x98BD      	BCF         CCP1CON, 4 
;__Lib_PWM_c21.c,40 :: 		
0x0020	0x9ABD      	BCF         CCP1CON, 5 
;__Lib_PWM_c21.c,41 :: 		
L_end_PWM1_Init:
0x0022	0x0012      	RETURN      0
; end of _PWM1_Init
_PWM2_Init:
;__Lib_PWM_c21.c,1 :: 		
;__Lib_PWM_c21.c,2 :: 		
;__Lib_PWM_c21.c,3 :: 		
0x0024	0x6ABB      	CLRF        CCPR2L 
;__Lib_PWM_c21.c,4 :: 		
0x0026	0x98BA      	BCF         CCP2CON, 4 
;__Lib_PWM_c21.c,5 :: 		
0x0028	0x9ABA      	BCF         CCP2CON, 5 
;__Lib_PWM_c21.c,6 :: 		
L_end_PWM2_Init:
0x002A	0x0012      	RETURN      0
; end of _PWM2_Init
_Mul_16X16_U:
;__Lib_Math.c,440 :: 		
;__Lib_Math.c,447 :: 		
0x002C	0x6A0B      	CLRF        R11, 0
;__Lib_Math.c,448 :: 		
0x002E	0x6A0A      	CLRF        R10, 0
;__Lib_Math.c,449 :: 		
0x0030	0x6A09      	CLRF        R9, 0
;__Lib_Math.c,450 :: 		
0x0032	0x5000      	MOVF        R0, 0, 0
;__Lib_Math.c,451 :: 		
0x0034	0x0204      	MULWF       R4, 0
;__Lib_Math.c,453 :: 		
0x0036	0xF009CFF4  	MOVFF       PRODH, R9
;__Lib_Math.c,454 :: 		
0x003A	0xF008CFF3  	MOVFF       PRODL, R8
;__Lib_Math.c,455 :: 		
0x003E	0x5001      	MOVF        R1, 0, 0
;__Lib_Math.c,456 :: 		
0x0040	0x0205      	MULWF       R5, 0
;__Lib_Math.c,458 :: 		
0x0042	0xF00BCFF4  	MOVFF       PRODH, R11
;__Lib_Math.c,459 :: 		
0x0046	0xF00ACFF3  	MOVFF       PRODL, R10
;__Lib_Math.c,460 :: 		
0x004A	0x5000      	MOVF        R0, 0, 0
;__Lib_Math.c,461 :: 		
0x004C	0x0205      	MULWF       R5, 0
;__Lib_Math.c,463 :: 		
0x004E	0x50F3      	MOVF        PRODL, 0, 0
;__Lib_Math.c,464 :: 		
0x0050	0x2609      	ADDWF       R9, 1, 0
;__Lib_Math.c,465 :: 		
0x0052	0x50F4      	MOVF        PRODH, 0, 0
;__Lib_Math.c,466 :: 		
0x0054	0x220A      	ADDWFC      R10, 1, 0
;__Lib_Math.c,467 :: 		
0x0056	0x6AE8      	CLRF        WREG, 0
;__Lib_Math.c,468 :: 		
0x0058	0x220B      	ADDWFC      R11, 1, 0
;__Lib_Math.c,469 :: 		
0x005A	0x5001      	MOVF        R1, 0, 0
;__Lib_Math.c,470 :: 		
0x005C	0x0204      	MULWF       R4, 0
;__Lib_Math.c,472 :: 		
0x005E	0x50F3      	MOVF        PRODL, 0, 0
;__Lib_Math.c,473 :: 		
0x0060	0x2609      	ADDWF       R9, 1, 0
;__Lib_Math.c,474 :: 		
0x0062	0x50F4      	MOVF        PRODH, 0, 0
;__Lib_Math.c,475 :: 		
0x0064	0x220A      	ADDWFC      R10, 1, 0
;__Lib_Math.c,476 :: 		
0x0066	0x6AE8      	CLRF        WREG, 0
;__Lib_Math.c,477 :: 		
0x0068	0x220B      	ADDWFC      R11, 1, 0
;__Lib_Math.c,479 :: 		
0x006A	0xF000C008  	MOVFF       R8, R0
;__Lib_Math.c,480 :: 		
0x006E	0xF001C009  	MOVFF       R9, R1
;__Lib_Math.c,481 :: 		
0x0072	0xF002C00A  	MOVFF       R10, R2
;__Lib_Math.c,482 :: 		
0x0076	0xF003C00B  	MOVFF       R11, R3
;__Lib_Math.c,485 :: 		
L_end_Mul_16X16_U:
0x007A	0x0012      	RETURN      0
; end of _Mul_16X16_U
_sensor_assign:
;ir.h,134 :: 		void sensor_assign() {
;ir.h,136 :: 		sensor1 = SensorPORTA.B0;
0x007C	0x0E00      	MOVLW       0
0x007E	0xB080      	BTFSC       PORTA, 0 
0x0080	0x0E01      	MOVLW       1
0x0082	0x6E21      	MOVWF       _sensor1 
;ir.h,137 :: 		sensor2 = SensorPORTA.B1;
0x0084	0x0E00      	MOVLW       0
0x0086	0xB280      	BTFSC       PORTA, 1 
0x0088	0x0E01      	MOVLW       1
0x008A	0x6E1B      	MOVWF       _sensor2 
;ir.h,138 :: 		sensor3 = SensorPORTA.B2;
0x008C	0x0E00      	MOVLW       0
0x008E	0xB480      	BTFSC       PORTA, 2 
0x0090	0x0E01      	MOVLW       1
0x0092	0x6E1C      	MOVWF       _sensor3 
;ir.h,139 :: 		sensor4 = SensorPORTA.B3;
0x0094	0x0E00      	MOVLW       0
0x0096	0xB680      	BTFSC       PORTA, 3 
0x0098	0x0E01      	MOVLW       1
0x009A	0x6E1F      	MOVWF       _sensor4 
;ir.h,140 :: 		sensor5 = SensorPORTA.B4;
0x009C	0x0E00      	MOVLW       0
0x009E	0xB880      	BTFSC       PORTA, 4 
0x00A0	0x0E01      	MOVLW       1
0x00A2	0x6E1E      	MOVWF       _sensor5 
;ir.h,141 :: 		sensor6 = SensorPORTA.B5;
0x00A4	0x0E00      	MOVLW       0
0x00A6	0xBA80      	BTFSC       PORTA, 5 
0x00A8	0x0E01      	MOVLW       1
0x00AA	0x6E1D      	MOVWF       _sensor6 
;ir.h,142 :: 		sensor7 = SensorPORTE.B0;
0x00AC	0x0E00      	MOVLW       0
0x00AE	0xB084      	BTFSC       PORTE, 0 
0x00B0	0x0E01      	MOVLW       1
0x00B2	0x6E22      	MOVWF       _sensor7 
;ir.h,143 :: 		sensor8 = SensorPORTE.B1;
0x00B4	0x0E00      	MOVLW       0
0x00B6	0xB284      	BTFSC       PORTE, 1 
0x00B8	0x0E01      	MOVLW       1
0x00BA	0x6E18      	MOVWF       _sensor8 
;ir.h,144 :: 		}
L_end_sensor_assign:
0x00BC	0x0012      	RETURN      0
; end of _sensor_assign
_IR_low:
;ir.h,111 :: 		void IR_low() {
;ir.h,114 :: 		SensorTRISA.B0 = INPUT;
0x00BE	0x8092      	BSF         TRISA, 0 
;ir.h,115 :: 		SensorTRISA.B1 = INPUT;
0x00C0	0x8292      	BSF         TRISA, 1 
;ir.h,116 :: 		SensorTRISA.B2 = INPUT;
0x00C2	0x8492      	BSF         TRISA, 2 
;ir.h,117 :: 		SensorTRISA.B3 = INPUT;
0x00C4	0x8692      	BSF         TRISA, 3 
;ir.h,118 :: 		SensorTRISA.B4 = INPUT;
0x00C6	0x8892      	BSF         TRISA, 4 
;ir.h,119 :: 		SensorTRISA.B5 = INPUT;
0x00C8	0x8A92      	BSF         TRISA, 5 
;ir.h,120 :: 		SensorTRISE.B0 = INPUT;
0x00CA	0x8096      	BSF         TRISE, 0 
;ir.h,121 :: 		SensorTRISE.B1 = INPUT;
0x00CC	0x8296      	BSF         TRISE, 1 
;ir.h,123 :: 		SensorLATA.B0 = LOW;
0x00CE	0x9089      	BCF         LATA, 0 
;ir.h,124 :: 		SensorLATA.B1 = LOW;
0x00D0	0x9289      	BCF         LATA, 1 
;ir.h,125 :: 		SensorLATA.B2 = LOW;
0x00D2	0x9489      	BCF         LATA, 2 
;ir.h,126 :: 		SensorLATA.B3 = LOW;
0x00D4	0x9689      	BCF         LATA, 3 
;ir.h,127 :: 		SensorLATA.B4 = LOW;
0x00D6	0x9889      	BCF         LATA, 4 
;ir.h,128 :: 		SensorLATA.B5 = LOW;
0x00D8	0x9A89      	BCF         LATA, 5 
;ir.h,129 :: 		SensorLATE.B0 = LOW;
0x00DA	0x908D      	BCF         LATE, 0 
;ir.h,130 :: 		SensorLATE.B1 = LOW;
0x00DC	0x928D      	BCF         LATE, 1 
;ir.h,131 :: 		}
L_end_IR_low:
0x00DE	0x0012      	RETURN      0
; end of _IR_low
_IR_high:
;ir.h,88 :: 		void IR_high() {
;ir.h,91 :: 		SensorTRISA.B0 = OUTPUT;
0x00E0	0x9092      	BCF         TRISA, 0 
;ir.h,92 :: 		SensorTRISA.B1 = OUTPUT;
0x00E2	0x9292      	BCF         TRISA, 1 
;ir.h,93 :: 		SensorTRISA.B2 = OUTPUT;
0x00E4	0x9492      	BCF         TRISA, 2 
;ir.h,94 :: 		SensorTRISA.B3 = OUTPUT;
0x00E6	0x9692      	BCF         TRISA, 3 
;ir.h,95 :: 		SensorTRISA.B4 = OUTPUT;
0x00E8	0x9892      	BCF         TRISA, 4 
;ir.h,96 :: 		SensorTRISA.B5 = OUTPUT;
0x00EA	0x9A92      	BCF         TRISA, 5 
;ir.h,97 :: 		SensorTRISE.B0 = OUTPUT;
0x00EC	0x9096      	BCF         TRISE, 0 
;ir.h,98 :: 		SensorTRISE.B1 = OUTPUT;
0x00EE	0x9296      	BCF         TRISE, 1 
;ir.h,100 :: 		SensorLATA.B0 = HIGH;
0x00F0	0x8089      	BSF         LATA, 0 
;ir.h,101 :: 		SensorLATA.B1 = HIGH;
0x00F2	0x8289      	BSF         LATA, 1 
;ir.h,102 :: 		SensorLATA.B2 = HIGH;
0x00F4	0x8489      	BSF         LATA, 2 
;ir.h,103 :: 		SensorLATA.B3 = HIGH;
0x00F6	0x8689      	BSF         LATA, 3 
;ir.h,104 :: 		SensorLATA.B4 = HIGH;
0x00F8	0x8889      	BSF         LATA, 4 
;ir.h,105 :: 		SensorLATA.B5 = HIGH;
0x00FA	0x8A89      	BSF         LATA, 5 
;ir.h,106 :: 		SensorLATE.B0 = HIGH;
0x00FC	0x808D      	BSF         LATE, 0 
;ir.h,107 :: 		SensorLATE.B1 = HIGH;
0x00FE	0x828D      	BSF         LATE, 1 
;ir.h,108 :: 		}
L_end_IR_high:
0x0100	0x0012      	RETURN      0
; end of _IR_high
_PWM1_Start:
;__Lib_PWM_c21.c,54 :: 		
;__Lib_PWM_c21.c,55 :: 		
0x0102	0x9494      	BCF         TRISC2_bit, BitPos(TRISC2_bit+0) 
;__Lib_PWM_c21.c,56 :: 		
0x0104	0x84CA      	BSF         T2CON, 2 
;__Lib_PWM_c21.c,57 :: 		
0x0106	0x0E0C      	MOVLW       12
0x0108	0x12BD      	IORWF       CCP1CON, 1 
;__Lib_PWM_c21.c,58 :: 		
L_end_PWM1_Start:
0x010A	0x0012      	RETURN      0
; end of _PWM1_Start
_PWM2_Set_Duty:
;__Lib_PWM_c21.c,8 :: 		
;__Lib_PWM_c21.c,12 :: 		
0x010C	0x50CB      	MOVF        PR2, 0 
0x010E	0x0F01      	ADDLW       1
0x0110	0x6E00      	MOVWF       R0 
0x0112	0x6A01      	CLRF        R1 
0x0114	0x0E00      	MOVLW       0
0x0116	0x2201      	ADDWFC      R1, 1 
0x0118	0xF004C024  	MOVFF       FARG_PWM2_Set_Duty_new_duty, R4
0x011C	0x0E00      	MOVLW       0
0x011E	0x6E05      	MOVWF       R5 
0x0120	0xDF85      	RCALL       _Mul_16X16_U
0x0122	0x0E06      	MOVLW       6
0x0124	0x6E02      	MOVWF       R2 
0x0126	0xF004C000  	MOVFF       R0, R4
0x012A	0xF005C001  	MOVFF       R1, R5
0x012E	0x5002      	MOVF        R2, 0 
L__PWM2_Set_Duty2:
0x0130	0xE005      	BZ          L__PWM2_Set_Duty3
0x0132	0x3205      	RRCF        R5, 1 
0x0134	0x3204      	RRCF        R4, 1 
0x0136	0x9E05      	BCF         R5, 7 
0x0138	0x0FFF      	ADDLW       255
0x013A	0xD7FA      	BRA         L__PWM2_Set_Duty2
L__PWM2_Set_Duty3:
;__Lib_PWM_c21.c,13 :: 		
0x013C	0x0E04      	MOVLW       4
0x013E	0x6E01      	MOVWF       R1 
0x0140	0xF000C004  	MOVFF       R4, R0
0x0144	0x5001      	MOVF        R1, 0 
L__PWM2_Set_Duty4:
0x0146	0xE004      	BZ          L__PWM2_Set_Duty5
0x0148	0x3600      	RLCF        R0, 1 
0x014A	0x9000      	BCF         R0, 0 
0x014C	0x0FFF      	ADDLW       255
0x014E	0xD7FB      	BRA         L__PWM2_Set_Duty4
L__PWM2_Set_Duty5:
0x0150	0x0E30      	MOVLW       48
0x0152	0x1400      	ANDWF       R0, 0 
0x0154	0x6E03      	MOVWF       R3 
;__Lib_PWM_c21.c,14 :: 		
0x0156	0xF000C004  	MOVFF       R4, R0
0x015A	0xF001C005  	MOVFF       R5, R1
0x015E	0x3201      	RRCF        R1, 1 
0x0160	0x3200      	RRCF        R0, 1 
0x0162	0x9E01      	BCF         R1, 7 
0x0164	0x3201      	RRCF        R1, 1 
0x0166	0x3200      	RRCF        R0, 1 
0x0168	0x9E01      	BCF         R1, 7 
0x016A	0xFFBBC000  	MOVFF       R0, CCPR2L
;__Lib_PWM_c21.c,15 :: 		
0x016E	0x0E0F      	MOVLW       15
0x0170	0x16BA      	ANDWF       CCP2CON, 1 
;__Lib_PWM_c21.c,16 :: 		
0x0172	0x5003      	MOVF        R3, 0 
0x0174	0x12BA      	IORWF       CCP2CON, 1 
;__Lib_PWM_c21.c,17 :: 		
L_end_PWM2_Set_Duty:
0x0176	0x0012      	RETURN      0
; end of _PWM2_Set_Duty
_PWM2_Start:
;__Lib_PWM_c21.c,19 :: 		
;__Lib_PWM_c21.c,20 :: 		
0x0178	0x9294      	BCF         TRISC1_bit, BitPos(TRISC1_bit+0) 
;__Lib_PWM_c21.c,21 :: 		
0x017A	0x84CA      	BSF         T2CON, 2 
;__Lib_PWM_c21.c,22 :: 		
0x017C	0x0E0C      	MOVLW       12
0x017E	0x12BA      	IORWF       CCP2CON, 1 
;__Lib_PWM_c21.c,23 :: 		
L_end_PWM2_Start:
0x0180	0x0012      	RETURN      0
; end of _PWM2_Start
_PWM1_Set_Duty:
;__Lib_PWM_c21.c,43 :: 		
;__Lib_PWM_c21.c,47 :: 		
0x0182	0x50CB      	MOVF        PR2, 0 
0x0184	0x0F01      	ADDLW       1
0x0186	0x6E00      	MOVWF       R0 
0x0188	0x6A01      	CLRF        R1 
0x018A	0x0E00      	MOVLW       0
0x018C	0x2201      	ADDWFC      R1, 1 
0x018E	0xF004C024  	MOVFF       FARG_PWM1_Set_Duty_new_duty, R4
0x0192	0x0E00      	MOVLW       0
0x0194	0x6E05      	MOVWF       R5 
0x0196	0xDF4A      	RCALL       _Mul_16X16_U
0x0198	0x0E06      	MOVLW       6
0x019A	0x6E02      	MOVWF       R2 
0x019C	0xF004C000  	MOVFF       R0, R4
0x01A0	0xF005C001  	MOVFF       R1, R5
0x01A4	0x5002      	MOVF        R2, 0 
L__PWM1_Set_Duty10:
0x01A6	0xE005      	BZ          L__PWM1_Set_Duty11
0x01A8	0x3205      	RRCF        R5, 1 
0x01AA	0x3204      	RRCF        R4, 1 
0x01AC	0x9E05      	BCF         R5, 7 
0x01AE	0x0FFF      	ADDLW       255
0x01B0	0xD7FA      	BRA         L__PWM1_Set_Duty10
L__PWM1_Set_Duty11:
;__Lib_PWM_c21.c,48 :: 		
0x01B2	0x0E04      	MOVLW       4
0x01B4	0x6E01      	MOVWF       R1 
0x01B6	0xF000C004  	MOVFF       R4, R0
0x01BA	0x5001      	MOVF        R1, 0 
L__PWM1_Set_Duty12:
0x01BC	0xE004      	BZ          L__PWM1_Set_Duty13
0x01BE	0x3600      	RLCF        R0, 1 
0x01C0	0x9000      	BCF         R0, 0 
0x01C2	0x0FFF      	ADDLW       255
0x01C4	0xD7FB      	BRA         L__PWM1_Set_Duty12
L__PWM1_Set_Duty13:
0x01C6	0x0E30      	MOVLW       48
0x01C8	0x1400      	ANDWF       R0, 0 
0x01CA	0x6E03      	MOVWF       R3 
;__Lib_PWM_c21.c,49 :: 		
0x01CC	0xF000C004  	MOVFF       R4, R0
0x01D0	0xF001C005  	MOVFF       R5, R1
0x01D4	0x3201      	RRCF        R1, 1 
0x01D6	0x3200      	RRCF        R0, 1 
0x01D8	0x9E01      	BCF         R1, 7 
0x01DA	0x3201      	RRCF        R1, 1 
0x01DC	0x3200      	RRCF        R0, 1 
0x01DE	0x9E01      	BCF         R1, 7 
0x01E0	0xFFBEC000  	MOVFF       R0, CCPR1L
;__Lib_PWM_c21.c,50 :: 		
0x01E4	0x0E0F      	MOVLW       15
0x01E6	0x16BD      	ANDWF       CCP1CON, 1 
;__Lib_PWM_c21.c,51 :: 		
0x01E8	0x5003      	MOVF        R3, 0 
0x01EA	0x12BD      	IORWF       CCP1CON, 1 
;__Lib_PWM_c21.c,52 :: 		
L_end_PWM1_Set_Duty:
0x01EC	0x0012      	RETURN      0
; end of _PWM1_Set_Duty
_PWM1_Stop:
;__Lib_PWM_c21.c,60 :: 		
;__Lib_PWM_c21.c,61 :: 		
0x01EE	0x8494      	BSF         TRISC2_bit, BitPos(TRISC2_bit+0) 
;__Lib_PWM_c21.c,62 :: 		
0x01F0	0x94CA      	BCF         T2CON, 2 
;__Lib_PWM_c21.c,63 :: 		
0x01F2	0x0EF0      	MOVLW       240
0x01F4	0x16BD      	ANDWF       CCP1CON, 1 
;__Lib_PWM_c21.c,64 :: 		
L_end_PWM1_Stop:
0x01F6	0x0012      	RETURN      0
; end of _PWM1_Stop
_PWM2_Stop:
;__Lib_PWM_c21.c,25 :: 		
;__Lib_PWM_c21.c,26 :: 		
0x01F8	0x8294      	BSF         TRISC1_bit, BitPos(TRISC1_bit+0) 
;__Lib_PWM_c21.c,27 :: 		
0x01FA	0x94CA      	BCF         T2CON, 2 
;__Lib_PWM_c21.c,28 :: 		
0x01FC	0x0EF0      	MOVLW       240
0x01FE	0x16BA      	ANDWF       CCP2CON, 1 
;__Lib_PWM_c21.c,29 :: 		
L_end_PWM2_Stop:
0x0200	0x0012      	RETURN      0
; end of _PWM2_Stop
_init_PWM:
;motor.h,87 :: 		void init_PWM() {
;motor.h,90 :: 		PWM1_init(PWM_f); // Left side wheel
0x0202	0x90CA      	BCF         T2CON, 0, 0
0x0204	0x92CA      	BCF         T2CON, 1, 0
0x0206	0x0EC7      	MOVLW       199
0x0208	0x6ECB      	MOVWF       PR2, 0
0x020A	0xDF08      	RCALL       _PWM1_Init
;motor.h,91 :: 		PWM2_init(PWM_f); // Right side wheel
0x020C	0x90CA      	BCF         T2CON, 0, 0
0x020E	0x92CA      	BCF         T2CON, 1, 0
0x0210	0x0EC7      	MOVLW       199
0x0212	0x6ECB      	MOVWF       PR2, 0
0x0214	0xDF07      	RCALL       _PWM2_Init
;motor.h,92 :: 		}
L_end_init_PWM:
0x0216	0x0012      	RETURN      0
; end of _init_PWM
_IR_read:
;ir.h,147 :: 		void IR_read() {
;ir.h,150 :: 		IR_high();
0x0218	0xDF63      	RCALL       _IR_high
;ir.h,152 :: 		Delay_us(15);
0x021A	0x0E04      	MOVLW       4
0x021C	0x6E0D      	MOVWF       R13, 0
L_IR_read41:
0x021E	0x2E0D      	DECFSZ      R13, 1, 0
0x0220	0xD7FE      	BRA         L_IR_read41
0x0222	0x0000      	NOP
0x0224	0x0000      	NOP
;ir.h,155 :: 		IR_low();
0x0226	0xDF4B      	RCALL       _IR_low
;ir.h,158 :: 		Delay_us(750);
0x0228	0x0EF9      	MOVLW       249
0x022A	0x6E0D      	MOVWF       R13, 0
L_IR_read42:
0x022C	0x2E0D      	DECFSZ      R13, 1, 0
0x022E	0xD7FE      	BRA         L_IR_read42
0x0230	0x0000      	NOP
0x0232	0x0000      	NOP
;ir.h,161 :: 		sensor_assign();
0x0234	0xDF23      	RCALL       _sensor_assign
;ir.h,162 :: 		}
L_end_IR_read:
0x0236	0x0012      	RETURN      0
; end of _IR_read
_stop_motor:
;motor.h,112 :: 		void stop_motor() {
;motor.h,114 :: 		PWM1_Stop();
0x0238	0xDFDA      	RCALL       _PWM1_Stop
;motor.h,115 :: 		PWM2_Stop();
0x023A	0xDFDE      	RCALL       _PWM2_Stop
;motor.h,117 :: 		Motor1A = OFF;
0x023C	0x928C      	BCF         LATD, 1 
;motor.h,118 :: 		Motor1B = OFF;
0x023E	0x908C      	BCF         LATD, 0 
;motor.h,119 :: 		Motor2A = OFF;
0x0240	0x968B      	BCF         LATC, 3 
;motor.h,120 :: 		Motor2B = OFF;
0x0242	0x908B      	BCF         LATC, 0 
;motor.h,121 :: 		}
L_end_stop_motor:
0x0244	0x0012      	RETURN      0
; end of _stop_motor
_init_motor:
;motor.h,95 :: 		void init_motor() {
;motor.h,98 :: 		Motor1ATRIS = OUTPUT;
0x0246	0x9295      	BCF         TRISD, 1 
;motor.h,99 :: 		Motor1BTRIS = OUTPUT;
0x0248	0x9095      	BCF         TRISD, 0 
;motor.h,100 :: 		Motor2ATRIS = OUTPUT;
0x024A	0x9694      	BCF         TRISC, 3 
;motor.h,101 :: 		Motor2BTRIS = OUTPUT;
0x024C	0x9094      	BCF         TRISC, 0 
;motor.h,104 :: 		Motor1TRIS = OUTPUT;
0x024E	0x9294      	BCF         TRISC, 1 
;motor.h,105 :: 		Motor2TRIS = OUTPUT;
0x0250	0x9494      	BCF         TRISC, 2 
;motor.h,108 :: 		init_PWM();
0x0252	0xDFD7      	RCALL       _init_PWM
;motor.h,109 :: 		}
L_end_init_motor:
0x0254	0x0012      	RETURN      0
; end of _init_motor
_init_sonar:
;sonar.h,71 :: 		void init_sonar() {
;sonar.h,74 :: 		Sonar1ECHO_TRIS = INPUT;
0x0256	0x8093      	BSF         TRISB, 0 
;sonar.h,76 :: 		Sonar2ECHO_TRIS = INPUT;
0x0258	0x8493      	BSF         TRISB, 2 
;sonar.h,78 :: 		Sonar3ECHO_TRIS = INPUT;
0x025A	0x8893      	BSF         TRISB, 4 
;sonar.h,81 :: 		Sonar1TRIG_TRIS = OUTPUT;
0x025C	0x9293      	BCF         TRISB, 1 
;sonar.h,83 :: 		Sonar2TRIG_TRIS = OUTPUT;
0x025E	0x9693      	BCF         TRISB, 3 
;sonar.h,85 :: 		Sonar3TRIG_TRIS = OUTPUT;
0x0260	0x9A93      	BCF         TRISB, 5 
;sonar.h,86 :: 		}
L_end_init_sonar:
0x0262	0x0012      	RETURN      0
; end of _init_sonar
_position:
;ir.h,165 :: 		signed short position() {
;ir.h,188 :: 		IR_read();
0x0264	0xDFD9      	RCALL       _IR_read
;ir.h,190 :: 		pos = sensor1 * 1 + sensor2 * 3 + sensor3 * 5 + sensor4 * 7 +
0x0266	0xF01AC021  	MOVFF       _sensor1, _pos
0x026A	0x0E03      	MOVLW       3
0x026C	0x021B      	MULWF       _sensor2 
0x026E	0xF000CFF3  	MOVFF       PRODL, R0
0x0272	0x5000      	MOVF        R0, 0 
0x0274	0x261A      	ADDWF       _pos, 1 
0x0276	0x0E05      	MOVLW       5
0x0278	0x021C      	MULWF       _sensor3 
0x027A	0xF000CFF3  	MOVFF       PRODL, R0
0x027E	0x5000      	MOVF        R0, 0 
0x0280	0x261A      	ADDWF       _pos, 1 
0x0282	0x0E07      	MOVLW       7
0x0284	0x021F      	MULWF       _sensor4 
0x0286	0xF000CFF3  	MOVFF       PRODL, R0
0x028A	0x5000      	MOVF        R0, 0 
0x028C	0x261A      	ADDWF       _pos, 1 
;ir.h,191 :: 		sensor5 * 11 + sensor6 * 13 + sensor7 * 15 + sensor8 * 17;
0x028E	0x0E0B      	MOVLW       11
0x0290	0x021E      	MULWF       _sensor5 
0x0292	0xF000CFF3  	MOVFF       PRODL, R0
0x0296	0x5000      	MOVF        R0, 0 
0x0298	0x261A      	ADDWF       _pos, 1 
0x029A	0x0E0D      	MOVLW       13
0x029C	0x021D      	MULWF       _sensor6 
0x029E	0xF000CFF3  	MOVFF       PRODL, R0
0x02A2	0x5000      	MOVF        R0, 0 
0x02A4	0x261A      	ADDWF       _pos, 1 
0x02A6	0x0E0F      	MOVLW       15
0x02A8	0x0222      	MULWF       _sensor7 
0x02AA	0xF000CFF3  	MOVFF       PRODL, R0
0x02AE	0x5000      	MOVF        R0, 0 
0x02B0	0x261A      	ADDWF       _pos, 1 
0x02B2	0x0E11      	MOVLW       17
0x02B4	0x0218      	MULWF       _sensor8 
0x02B6	0xF000CFF3  	MOVFF       PRODL, R0
0x02BA	0x5000      	MOVF        R0, 0 
0x02BC	0x261A      	ADDWF       _pos, 1 
;ir.h,193 :: 		switch(pos) {
0x02BE	0xD02C      	BRA         L_position43
;ir.h,195 :: 		case 36 : pos_val = 0; break;
L_position45:
0x02C0	0x6A20      	CLRF        _pos_val 
0x02C2	0xD058      	BRA         L_position44
;ir.h,196 :: 		case 41 : pos_val = 0; break;
L_position46:
0x02C4	0x6A20      	CLRF        _pos_val 
0x02C6	0xD056      	BRA         L_position44
;ir.h,197 :: 		case 49 : pos_val = 0; break;
L_position47:
0x02C8	0x6A20      	CLRF        _pos_val 
0x02CA	0xD054      	BRA         L_position44
;ir.h,198 :: 		case 46 : pos_val = 1; break;
L_position48:
0x02CC	0x0E01      	MOVLW       1
0x02CE	0x6E20      	MOVWF       _pos_val 
0x02D0	0xD051      	BRA         L_position44
;ir.h,199 :: 		case 57 : pos_val = 1; break;
L_position49:
0x02D2	0x0E01      	MOVLW       1
0x02D4	0x6E20      	MOVWF       _pos_val 
0x02D6	0xD04E      	BRA         L_position44
;ir.h,200 :: 		case 56 : pos_val = 2; break;
L_position50:
0x02D8	0x0E02      	MOVLW       2
0x02DA	0x6E20      	MOVWF       _pos_val 
0x02DC	0xD04B      	BRA         L_position44
;ir.h,201 :: 		case 63 : pos_val = 2; break;
L_position51:
0x02DE	0x0E02      	MOVLW       2
0x02E0	0x6E20      	MOVWF       _pos_val 
0x02E2	0xD048      	BRA         L_position44
;ir.h,202 :: 		case 68 : pos_val = 3; break;
L_position52:
0x02E4	0x0E03      	MOVLW       3
0x02E6	0x6E20      	MOVWF       _pos_val 
0x02E8	0xD045      	BRA         L_position44
;ir.h,203 :: 		case 71 : pos_val = 4; break;
L_position53:
0x02EA	0x0E04      	MOVLW       4
0x02EC	0x6E20      	MOVWF       _pos_val 
0x02EE	0xD042      	BRA         L_position44
;ir.h,204 :: 		case 26 : pos_val = -1; break;
L_position54:
0x02F0	0x0EFF      	MOVLW       255
0x02F2	0x6E20      	MOVWF       _pos_val 
0x02F4	0xD03F      	BRA         L_position44
;ir.h,205 :: 		case 33 : pos_val = -1; break;
L_position55:
0x02F6	0x0EFF      	MOVLW       255
0x02F8	0x6E20      	MOVWF       _pos_val 
0x02FA	0xD03C      	BRA         L_position44
;ir.h,206 :: 		case 27 : pos_val = -2; break;
L_position56:
0x02FC	0x0EFE      	MOVLW       254
0x02FE	0x6E20      	MOVWF       _pos_val 
0x0300	0xD039      	BRA         L_position44
;ir.h,207 :: 		case 16 : pos_val = -2; break;
L_position57:
0x0302	0x0EFE      	MOVLW       254
0x0304	0x6E20      	MOVWF       _pos_val 
0x0306	0xD036      	BRA         L_position44
;ir.h,208 :: 		case 40 : pos_val = -3; break;
L_position58:
0x0308	0x0EFD      	MOVLW       253
0x030A	0x6E20      	MOVWF       _pos_val 
0x030C	0xD033      	BRA         L_position44
;ir.h,209 :: 		case 55 : pos_val = -4; break;
L_position59:
0x030E	0x0EFC      	MOVLW       252
0x0310	0x6E20      	MOVWF       _pos_val 
0x0312	0xD030      	BRA         L_position44
;ir.h,210 :: 		default : pos_val = 0;
L_position60:
0x0314	0x6A20      	CLRF        _pos_val 
;ir.h,211 :: 		}
0x0316	0xD02E      	BRA         L_position44
L_position43:
0x0318	0x501A      	MOVF        _pos, 0 
0x031A	0x0A24      	XORLW       36
0x031C	0xE0D1      	BZ          L_position45
0x031E	0x501A      	MOVF        _pos, 0 
0x0320	0x0A29      	XORLW       41
0x0322	0xE0D0      	BZ          L_position46
0x0324	0x501A      	MOVF        _pos, 0 
0x0326	0x0A31      	XORLW       49
0x0328	0xE0CF      	BZ          L_position47
0x032A	0x501A      	MOVF        _pos, 0 
0x032C	0x0A2E      	XORLW       46
0x032E	0xE0CE      	BZ          L_position48
0x0330	0x501A      	MOVF        _pos, 0 
0x0332	0x0A39      	XORLW       57
0x0334	0xE0CE      	BZ          L_position49
0x0336	0x501A      	MOVF        _pos, 0 
0x0338	0x0A38      	XORLW       56
0x033A	0xE0CE      	BZ          L_position50
0x033C	0x501A      	MOVF        _pos, 0 
0x033E	0x0A3F      	XORLW       63
0x0340	0xE0CE      	BZ          L_position51
0x0342	0x501A      	MOVF        _pos, 0 
0x0344	0x0A44      	XORLW       68
0x0346	0xE0CE      	BZ          L_position52
0x0348	0x501A      	MOVF        _pos, 0 
0x034A	0x0A47      	XORLW       71
0x034C	0xE0CE      	BZ          L_position53
0x034E	0x501A      	MOVF        _pos, 0 
0x0350	0x0A1A      	XORLW       26
0x0352	0xE0CE      	BZ          L_position54
0x0354	0x501A      	MOVF        _pos, 0 
0x0356	0x0A21      	XORLW       33
0x0358	0xE0CE      	BZ          L_position55
0x035A	0x501A      	MOVF        _pos, 0 
0x035C	0x0A1B      	XORLW       27
0x035E	0xE0CE      	BZ          L_position56
0x0360	0x501A      	MOVF        _pos, 0 
0x0362	0x0A10      	XORLW       16
0x0364	0xE0CE      	BZ          L_position57
0x0366	0x501A      	MOVF        _pos, 0 
0x0368	0x0A28      	XORLW       40
0x036A	0xE0CE      	BZ          L_position58
0x036C	0x501A      	MOVF        _pos, 0 
0x036E	0x0A37      	XORLW       55
0x0370	0xE0CE      	BZ          L_position59
0x0372	0xD7D0      	BRA         L_position60
L_position44:
;ir.h,212 :: 		return pos_val;
0x0374	0xF000C020  	MOVFF       _pos_val, R0
;ir.h,213 :: 		}
L_end_position:
0x0378	0x0012      	RETURN      0
; end of _position
_init_sensor:
;ir.h,77 :: 		void init_sensor() {
;ir.h,80 :: 		LEDpath = OUTPUT;
0x037A	0x9495      	BCF         TRISD, 2 
;ir.h,81 :: 		SensorON = ON;
0x037C	0x848C      	BSF         LATD, 2 
;ir.h,83 :: 		ANSEL0 = 0x00;
0x037E	0x6AB8      	CLRF        ANSEL0 
;ir.h,84 :: 		ANSEL1 = 0;
0x0380	0x6AB9      	CLRF        ANSEL1 
;ir.h,85 :: 		}
L_end_init_sensor:
0x0382	0x0012      	RETURN      0
; end of _init_sensor
_rotate:
;motor.h,162 :: 		void rotate(short side) {
;motor.h,164 :: 		if (side == right) {
0x0384	0x5023      	MOVF        FARG_rotate_side, 0 
0x0386	0x0A01      	XORLW       1
0x0388	0xE105      	BNZ         L_rotate73
;motor.h,165 :: 		Motor1A = OFF;
0x038A	0x928C      	BCF         LATD, 1 
;motor.h,166 :: 		Motor1B = ON;
0x038C	0x808C      	BSF         LATD, 0 
;motor.h,167 :: 		Motor2A = ON;
0x038E	0x868B      	BSF         LATC, 3 
;motor.h,168 :: 		Motor2B = OFF;
0x0390	0x908B      	BCF         LATC, 0 
;motor.h,169 :: 		}
0x0392	0xD007      	BRA         L_rotate74
L_rotate73:
;motor.h,170 :: 		else if (side == left) {
0x0394	0x5023      	MOVF        FARG_rotate_side, 0 
0x0396	0x0A00      	XORLW       0
0x0398	0xE104      	BNZ         L_rotate75
;motor.h,171 :: 		Motor1A = ON;
0x039A	0x828C      	BSF         LATD, 1 
;motor.h,172 :: 		Motor1B = OFF;
0x039C	0x908C      	BCF         LATD, 0 
;motor.h,173 :: 		Motor2A = OFF;
0x039E	0x968B      	BCF         LATC, 3 
;motor.h,174 :: 		Motor2B = ON;
0x03A0	0x808B      	BSF         LATC, 0 
;motor.h,175 :: 		}
L_rotate75:
L_rotate74:
;motor.h,177 :: 		PWM1_Start();
0x03A2	0xDEAF      	RCALL       _PWM1_Start
;motor.h,178 :: 		PWM2_Start();
0x03A4	0xDEE9      	RCALL       _PWM2_Start
;motor.h,180 :: 		PWM1_Set_Duty(150);
0x03A6	0x0E96      	MOVLW       150
0x03A8	0x6E24      	MOVWF       FARG_PWM1_Set_Duty_new_duty 
0x03AA	0xDEEB      	RCALL       _PWM1_Set_Duty
;motor.h,181 :: 		PWM2_Set_Duty(150);
0x03AC	0x0E96      	MOVLW       150
0x03AE	0x6E24      	MOVWF       FARG_PWM2_Set_Duty_new_duty 
0x03B0	0xDEAD      	RCALL       _PWM2_Set_Duty
;motor.h,182 :: 		}
L_end_rotate:
0x03B2	0x0012      	RETURN      0
; end of _rotate
_move_forth:
;motor.h,124 :: 		void move_forth() {
;motor.h,126 :: 		Motor1A = ON;
0x03B4	0x828C      	BSF         LATD, 1 
;motor.h,127 :: 		Motor1B = OFF;
0x03B6	0x908C      	BCF         LATD, 0 
;motor.h,128 :: 		Motor2A = ON;
0x03B8	0x868B      	BSF         LATC, 3 
;motor.h,129 :: 		Motor2B = OFF;
0x03BA	0x908B      	BCF         LATC, 0 
;motor.h,131 :: 		PWM1_Start();
0x03BC	0xDEA2      	RCALL       _PWM1_Start
;motor.h,132 :: 		PWM2_Start();
0x03BE	0xDEDC      	RCALL       _PWM2_Start
;motor.h,134 :: 		PWM1_Set_Duty(Normal_speed);
0x03C0	0x0E5F      	MOVLW       95
0x03C2	0x6E24      	MOVWF       FARG_PWM1_Set_Duty_new_duty 
0x03C4	0xDEDE      	RCALL       _PWM1_Set_Duty
;motor.h,135 :: 		PWM2_Set_Duty(Normal_speed);
0x03C6	0x0E5F      	MOVLW       95
0x03C8	0x6E24      	MOVWF       FARG_PWM2_Set_Duty_new_duty 
0x03CA	0xDEA0      	RCALL       _PWM2_Set_Duty
;motor.h,136 :: 		}
L_end_move_forth:
0x03CC	0x0012      	RETURN      0
; end of _move_forth
_turn:
;motor.h,139 :: 		void turn(short side) {
;motor.h,141 :: 		if (side == right) {
0x03CE	0x5023      	MOVF        FARG_turn_side, 0 
0x03D0	0x0A01      	XORLW       1
0x03D2	0xE109      	BNZ         L_turn70
;motor.h,143 :: 		Motor1A = OFF;
0x03D4	0x928C      	BCF         LATD, 1 
;motor.h,144 :: 		Motor1B = OFF;
0x03D6	0x908C      	BCF         LATD, 0 
;motor.h,145 :: 		Motor2A = ON;
0x03D8	0x868B      	BSF         LATC, 3 
;motor.h,146 :: 		Motor2B = OFF;
0x03DA	0x908B      	BCF         LATC, 0 
;motor.h,147 :: 		PWM1_Start();
0x03DC	0xDE92      	RCALL       _PWM1_Start
;motor.h,148 :: 		PWM1_Set_Duty(150);
0x03DE	0x0E96      	MOVLW       150
0x03E0	0x6E24      	MOVWF       FARG_PWM1_Set_Duty_new_duty 
0x03E2	0xDECF      	RCALL       _PWM1_Set_Duty
;motor.h,149 :: 		}
0x03E4	0xD00B      	BRA         L_turn71
L_turn70:
;motor.h,150 :: 		else if (side == left) {
0x03E6	0x5023      	MOVF        FARG_turn_side, 0 
0x03E8	0x0A00      	XORLW       0
0x03EA	0xE108      	BNZ         L_turn72
;motor.h,152 :: 		Motor1A = ON;
0x03EC	0x828C      	BSF         LATD, 1 
;motor.h,153 :: 		Motor1B = OFF;
0x03EE	0x908C      	BCF         LATD, 0 
;motor.h,154 :: 		Motor2A = OFF;
0x03F0	0x968B      	BCF         LATC, 3 
;motor.h,155 :: 		Motor2B = OFF;
0x03F2	0x908B      	BCF         LATC, 0 
;motor.h,156 :: 		PWM2_Start();
0x03F4	0xDEC1      	RCALL       _PWM2_Start
;motor.h,157 :: 		PWM2_Set_Duty(150);
0x03F6	0x0E96      	MOVLW       150
0x03F8	0x6E24      	MOVWF       FARG_PWM2_Set_Duty_new_duty 
0x03FA	0xDE88      	RCALL       _PWM2_Set_Duty
;motor.h,158 :: 		}
L_turn72:
L_turn71:
;motor.h,159 :: 		}
L_end_turn:
0x03FC	0x0012      	RETURN      0
; end of _turn
_rotate_left:
;mains.h,210 :: 		void rotate_left() {
;mains.h,212 :: 		do {
L_rotate_left115:
;mains.h,213 :: 		rotate(left);
0x03FE	0x6A23      	CLRF        FARG_rotate_side 
0x0400	0xDFC1      	RCALL       _rotate
;mains.h,214 :: 		IR_read();
0x0402	0xDF0A      	RCALL       _IR_read
;mains.h,215 :: 		} while (sensor1 == 1);
0x0404	0x5021      	MOVF        _sensor1, 0 
0x0406	0x0A01      	XORLW       1
0x0408	0xE0FA      	BZ          L_rotate_left115
;mains.h,217 :: 		do {
L_rotate_left118:
;mains.h,218 :: 		rotate(left);
0x040A	0x6A23      	CLRF        FARG_rotate_side 
0x040C	0xDFBB      	RCALL       _rotate
;mains.h,219 :: 		IR_read();
0x040E	0xDF04      	RCALL       _IR_read
;mains.h,220 :: 		} while (sensor1 == 0);
0x0410	0x5021      	MOVF        _sensor1, 0 
0x0412	0x0A00      	XORLW       0
0x0414	0xE0FA      	BZ          L_rotate_left118
;mains.h,222 :: 		do {
L_rotate_left121:
;mains.h,223 :: 		rotate(left);
0x0416	0x6A23      	CLRF        FARG_rotate_side 
0x0418	0xDFB5      	RCALL       _rotate
;mains.h,224 :: 		IR_read();
0x041A	0xDEFE      	RCALL       _IR_read
;mains.h,225 :: 		} while (sensor4 == 1);
0x041C	0x501F      	MOVF        _sensor4, 0 
0x041E	0x0A01      	XORLW       1
0x0420	0xE0FA      	BZ          L_rotate_left121
;mains.h,227 :: 		stop_motor();
0x0422	0xDF0A      	RCALL       _stop_motor
;mains.h,228 :: 		}
L_end_rotate_left:
0x0424	0x0012      	RETURN      0
; end of _rotate_left
_init_main:
;MyProject.c,18 :: 		void init_main() {
;MyProject.c,20 :: 		init_sensor();
0x0426	0xDFA9      	RCALL       _init_sensor
;MyProject.c,21 :: 		init_motor();
0x0428	0xDF0E      	RCALL       _init_motor
;MyProject.c,22 :: 		init_sonar();
0x042A	0xDF15      	RCALL       _init_sonar
;MyProject.c,23 :: 		}
L_end_init_main:
0x042C	0x0012      	RETURN      0
; end of _init_main
___CC2DW:
;__Lib_System.c,21 :: 		
;__Lib_System.c,23 :: 		
_CC2DL_Loop1:
;__Lib_System.c,24 :: 		
0x042E	0x0009      	TBLRD*+
;__Lib_System.c,25 :: 		
0x0430	0xFFE6CFF5  	MOVFF       TABLAT, POSTINC1
;__Lib_System.c,26 :: 		
0x0434	0x0600      	DECF        R0, 1, 0
;__Lib_System.c,27 :: 		
0x0436	0xE1FB      	BNZ         _CC2DL_Loop1
;__Lib_System.c,28 :: 		
0x0438	0x0601      	DECF        R1, 1, 0
;__Lib_System.c,29 :: 		
0x043A	0xE1F9      	BNZ         _CC2DL_Loop1
;__Lib_System.c,31 :: 		
L_end___CC2DW:
0x043C	0x0012      	RETURN      0
; end of ___CC2DW
_fan_job:
;motor.h,200 :: 		void fan_job() {
;motor.h,202 :: 		Delay_ms(10000);
0x043E	0x0E33      	MOVLW       51
0x0440	0x6E0B      	MOVWF       R11, 0
0x0442	0x0EBB      	MOVLW       187
0x0444	0x6E0C      	MOVWF       R12, 0
0x0446	0x0EDF      	MOVLW       223
0x0448	0x6E0D      	MOVWF       R13, 0
L_fan_job76:
0x044A	0x2E0D      	DECFSZ      R13, 1, 0
0x044C	0xD7FE      	BRA         L_fan_job76
0x044E	0x2E0C      	DECFSZ      R12, 1, 0
0x0450	0xD7FC      	BRA         L_fan_job76
0x0452	0x2E0B      	DECFSZ      R11, 1, 0
0x0454	0xD7FA      	BRA         L_fan_job76
0x0456	0x0000      	NOP
0x0458	0x0000      	NOP
;motor.h,203 :: 		}
L_end_fan_job:
0x045A	0x0012      	RETURN      0
; end of _fan_job
_junction:
;ir.h,216 :: 		short junction() {
;ir.h,228 :: 		IR_read();
0x045C	0xDEDD      	RCALL       _IR_read
;ir.h,230 :: 		pos = sensor1 * 1 + sensor2 * 3 + sensor3 * 5 + sensor4 * 7 +
0x045E	0xF01AC021  	MOVFF       _sensor1, _pos
0x0462	0x0E03      	MOVLW       3
0x0464	0x021B      	MULWF       _sensor2 
0x0466	0xF000CFF3  	MOVFF       PRODL, R0
0x046A	0x5000      	MOVF        R0, 0 
0x046C	0x261A      	ADDWF       _pos, 1 
0x046E	0x0E05      	MOVLW       5
0x0470	0x021C      	MULWF       _sensor3 
0x0472	0xF000CFF3  	MOVFF       PRODL, R0
0x0476	0x5000      	MOVF        R0, 0 
0x0478	0x261A      	ADDWF       _pos, 1 
0x047A	0x0E07      	MOVLW       7
0x047C	0x021F      	MULWF       _sensor4 
0x047E	0xF000CFF3  	MOVFF       PRODL, R0
0x0482	0x5000      	MOVF        R0, 0 
0x0484	0x261A      	ADDWF       _pos, 1 
;ir.h,231 :: 		sensor5 * 11 + sensor6 * 13 + sensor7 * 15 + sensor8 * 17;
0x0486	0x0E0B      	MOVLW       11
0x0488	0x021E      	MULWF       _sensor5 
0x048A	0xF000CFF3  	MOVFF       PRODL, R0
0x048E	0x5000      	MOVF        R0, 0 
0x0490	0x261A      	ADDWF       _pos, 1 
0x0492	0x0E0D      	MOVLW       13
0x0494	0x021D      	MULWF       _sensor6 
0x0496	0xF000CFF3  	MOVFF       PRODL, R0
0x049A	0x5000      	MOVF        R0, 0 
0x049C	0x261A      	ADDWF       _pos, 1 
0x049E	0x0E0F      	MOVLW       15
0x04A0	0x0222      	MULWF       _sensor7 
0x04A2	0xF000CFF3  	MOVFF       PRODL, R0
0x04A6	0x5000      	MOVF        R0, 0 
0x04A8	0x261A      	ADDWF       _pos, 1 
0x04AA	0x0E11      	MOVLW       17
0x04AC	0x0218      	MULWF       _sensor8 
0x04AE	0xF000CFF3  	MOVFF       PRODL, R0
0x04B2	0x5000      	MOVF        R0, 0 
0x04B4	0x261A      	ADDWF       _pos, 1 
;ir.h,233 :: 		switch (pos) {
0x04B6	0xD013      	BRA         L_junction61
;ir.h,235 :: 		case 0 : junc_val = strip; break;
L_junction63:
0x04B8	0x0E02      	MOVLW       2
0x04BA	0x6E19      	MOVWF       _junc_val 
0x04BC	0xD023      	BRA         L_junction62
;ir.h,236 :: 		case 4 : junc_val = left; break;
L_junction64:
0x04BE	0x6A19      	CLRF        _junc_val 
0x04C0	0xD021      	BRA         L_junction62
;ir.h,237 :: 		case 9 : junc_val = left; break;
L_junction65:
0x04C2	0x6A19      	CLRF        _junc_val 
0x04C4	0xD01F      	BRA         L_junction62
;ir.h,238 :: 		case 32 : junc_val = right; break;
L_junction66:
0x04C6	0x0E01      	MOVLW       1
0x04C8	0x6E19      	MOVWF       _junc_val 
0x04CA	0xD01C      	BRA         L_junction62
;ir.h,239 :: 		case 45 : junc_val = right; break;
L_junction67:
0x04CC	0x0E01      	MOVLW       1
0x04CE	0x6E19      	MOVWF       _junc_val 
0x04D0	0xD019      	BRA         L_junction62
;ir.h,240 :: 		case 72 : junc_val = lost; break;
L_junction68:
0x04D2	0x0E03      	MOVLW       3
0x04D4	0x6E19      	MOVWF       _junc_val 
0x04D6	0xD016      	BRA         L_junction62
;ir.h,241 :: 		default : junc_val = on_line;
L_junction69:
0x04D8	0x0E04      	MOVLW       4
0x04DA	0x6E19      	MOVWF       _junc_val 
;ir.h,242 :: 		}
0x04DC	0xD013      	BRA         L_junction62
L_junction61:
0x04DE	0x501A      	MOVF        _pos, 0 
0x04E0	0x0A00      	XORLW       0
0x04E2	0xE0EA      	BZ          L_junction63
0x04E4	0x501A      	MOVF        _pos, 0 
0x04E6	0x0A04      	XORLW       4
0x04E8	0xE0EA      	BZ          L_junction64
0x04EA	0x501A      	MOVF        _pos, 0 
0x04EC	0x0A09      	XORLW       9
0x04EE	0xE0E9      	BZ          L_junction65
0x04F0	0x501A      	MOVF        _pos, 0 
0x04F2	0x0A20      	XORLW       32
0x04F4	0xE0E8      	BZ          L_junction66
0x04F6	0x501A      	MOVF        _pos, 0 
0x04F8	0x0A2D      	XORLW       45
0x04FA	0xE0E8      	BZ          L_junction67
0x04FC	0x501A      	MOVF        _pos, 0 
0x04FE	0x0A48      	XORLW       72
0x0500	0xE0E8      	BZ          L_junction68
0x0502	0xD7EA      	BRA         L_junction69
L_junction62:
;ir.h,243 :: 		return junc_val;
0x0504	0xF000C019  	MOVFF       _junc_val, R0
;ir.h,244 :: 		}
L_end_junction:
0x0508	0x0012      	RETURN      0
; end of _junction
_move:
;mains.h,51 :: 		void move() {
;mains.h,54 :: 		PValve = position();
0x050A	0xDEAC      	RCALL       _position
0x050C	0xF017C000  	MOVFF       R0, _PValve
;mains.h,56 :: 		move_forth();
0x0510	0xDF51      	RCALL       _move_forth
;mains.h,59 :: 		switch (PValve) {
0x0512	0xD065      	BRA         L_move77
;mains.h,61 :: 		case 4 :
L_move79:
;mains.h,62 :: 		turn(right); Delay_ms(25);
0x0514	0x0E01      	MOVLW       1
0x0516	0x6E23      	MOVWF       FARG_turn_side 
0x0518	0xDF5A      	RCALL       _turn
0x051A	0x0E21      	MOVLW       33
0x051C	0x6E0C      	MOVWF       R12, 0
0x051E	0x0E76      	MOVLW       118
0x0520	0x6E0D      	MOVWF       R13, 0
L_move80:
0x0522	0x2E0D      	DECFSZ      R13, 1, 0
0x0524	0xD7FE      	BRA         L_move80
0x0526	0x2E0C      	DECFSZ      R12, 1, 0
0x0528	0xD7FC      	BRA         L_move80
0x052A	0x0000      	NOP
;mains.h,63 :: 		break;
0x052C	0xD071      	BRA         L_move78
;mains.h,64 :: 		case -4 :
L_move81:
;mains.h,65 :: 		turn(left); Delay_ms(25);
0x052E	0x6A23      	CLRF        FARG_turn_side 
0x0530	0xDF4E      	RCALL       _turn
0x0532	0x0E21      	MOVLW       33
0x0534	0x6E0C      	MOVWF       R12, 0
0x0536	0x0E76      	MOVLW       118
0x0538	0x6E0D      	MOVWF       R13, 0
L_move82:
0x053A	0x2E0D      	DECFSZ      R13, 1, 0
0x053C	0xD7FE      	BRA         L_move82
0x053E	0x2E0C      	DECFSZ      R12, 1, 0
0x0540	0xD7FC      	BRA         L_move82
0x0542	0x0000      	NOP
;mains.h,66 :: 		break;
0x0544	0xD065      	BRA         L_move78
;mains.h,67 :: 		case 3 :
L_move83:
;mains.h,68 :: 		turn(right); Delay_ms(25);
0x0546	0x0E01      	MOVLW       1
0x0548	0x6E23      	MOVWF       FARG_turn_side 
0x054A	0xDF41      	RCALL       _turn
0x054C	0x0E21      	MOVLW       33
0x054E	0x6E0C      	MOVWF       R12, 0
0x0550	0x0E76      	MOVLW       118
0x0552	0x6E0D      	MOVWF       R13, 0
L_move84:
0x0554	0x2E0D      	DECFSZ      R13, 1, 0
0x0556	0xD7FE      	BRA         L_move84
0x0558	0x2E0C      	DECFSZ      R12, 1, 0
0x055A	0xD7FC      	BRA         L_move84
0x055C	0x0000      	NOP
;mains.h,69 :: 		break;
0x055E	0xD058      	BRA         L_move78
;mains.h,70 :: 		case -3 :
L_move85:
;mains.h,71 :: 		turn(left); Delay_ms(25);
0x0560	0x6A23      	CLRF        FARG_turn_side 
0x0562	0xDF35      	RCALL       _turn
0x0564	0x0E21      	MOVLW       33
0x0566	0x6E0C      	MOVWF       R12, 0
0x0568	0x0E76      	MOVLW       118
0x056A	0x6E0D      	MOVWF       R13, 0
L_move86:
0x056C	0x2E0D      	DECFSZ      R13, 1, 0
0x056E	0xD7FE      	BRA         L_move86
0x0570	0x2E0C      	DECFSZ      R12, 1, 0
0x0572	0xD7FC      	BRA         L_move86
0x0574	0x0000      	NOP
;mains.h,72 :: 		break;
0x0576	0xD04C      	BRA         L_move78
;mains.h,73 :: 		case 2 :
L_move87:
;mains.h,74 :: 		turn(right); Delay_ms(29);
0x0578	0x0E01      	MOVLW       1
0x057A	0x6E23      	MOVWF       FARG_turn_side 
0x057C	0xDF28      	RCALL       _turn
0x057E	0x0E26      	MOVLW       38
0x0580	0x6E0C      	MOVWF       R12, 0
0x0582	0x0EA8      	MOVLW       168
0x0584	0x6E0D      	MOVWF       R13, 0
L_move88:
0x0586	0x2E0D      	DECFSZ      R13, 1, 0
0x0588	0xD7FE      	BRA         L_move88
0x058A	0x2E0C      	DECFSZ      R12, 1, 0
0x058C	0xD7FC      	BRA         L_move88
0x058E	0x0000      	NOP
;mains.h,75 :: 		break;
0x0590	0xD03F      	BRA         L_move78
;mains.h,76 :: 		case -2 :
L_move89:
;mains.h,77 :: 		turn(left); Delay_ms(29);
0x0592	0x6A23      	CLRF        FARG_turn_side 
0x0594	0xDF1C      	RCALL       _turn
0x0596	0x0E26      	MOVLW       38
0x0598	0x6E0C      	MOVWF       R12, 0
0x059A	0x0EA8      	MOVLW       168
0x059C	0x6E0D      	MOVWF       R13, 0
L_move90:
0x059E	0x2E0D      	DECFSZ      R13, 1, 0
0x05A0	0xD7FE      	BRA         L_move90
0x05A2	0x2E0C      	DECFSZ      R12, 1, 0
0x05A4	0xD7FC      	BRA         L_move90
0x05A6	0x0000      	NOP
;mains.h,78 :: 		break;
0x05A8	0xD033      	BRA         L_move78
;mains.h,79 :: 		case 1 :
L_move91:
;mains.h,80 :: 		turn(right); Delay_ms(29);
0x05AA	0x0E01      	MOVLW       1
0x05AC	0x6E23      	MOVWF       FARG_turn_side 
0x05AE	0xDF0F      	RCALL       _turn
0x05B0	0x0E26      	MOVLW       38
0x05B2	0x6E0C      	MOVWF       R12, 0
0x05B4	0x0EA8      	MOVLW       168
0x05B6	0x6E0D      	MOVWF       R13, 0
L_move92:
0x05B8	0x2E0D      	DECFSZ      R13, 1, 0
0x05BA	0xD7FE      	BRA         L_move92
0x05BC	0x2E0C      	DECFSZ      R12, 1, 0
0x05BE	0xD7FC      	BRA         L_move92
0x05C0	0x0000      	NOP
;mains.h,81 :: 		break;
0x05C2	0xD026      	BRA         L_move78
;mains.h,82 :: 		case -1 :
L_move93:
;mains.h,83 :: 		turn(left); Delay_ms(29);
0x05C4	0x6A23      	CLRF        FARG_turn_side 
0x05C6	0xDF03      	RCALL       _turn
0x05C8	0x0E26      	MOVLW       38
0x05CA	0x6E0C      	MOVWF       R12, 0
0x05CC	0x0EA8      	MOVLW       168
0x05CE	0x6E0D      	MOVWF       R13, 0
L_move94:
0x05D0	0x2E0D      	DECFSZ      R13, 1, 0
0x05D2	0xD7FE      	BRA         L_move94
0x05D4	0x2E0C      	DECFSZ      R12, 1, 0
0x05D6	0xD7FC      	BRA         L_move94
0x05D8	0x0000      	NOP
;mains.h,84 :: 		break;
0x05DA	0xD01A      	BRA         L_move78
;mains.h,85 :: 		default :
L_move95:
;mains.h,86 :: 		break;
0x05DC	0xD019      	BRA         L_move78
;mains.h,87 :: 		}
L_move77:
0x05DE	0x5017      	MOVF        _PValve, 0 
0x05E0	0x0A04      	XORLW       4
0x05E2	0xE098      	BZ          L_move79
0x05E4	0x5017      	MOVF        _PValve, 0 
0x05E6	0x0AFC      	XORLW       252
0x05E8	0xE0A2      	BZ          L_move81
0x05EA	0x5017      	MOVF        _PValve, 0 
0x05EC	0x0A03      	XORLW       3
0x05EE	0xE0AB      	BZ          L_move83
0x05F0	0x5017      	MOVF        _PValve, 0 
0x05F2	0x0AFD      	XORLW       253
0x05F4	0xE0B5      	BZ          L_move85
0x05F6	0x5017      	MOVF        _PValve, 0 
0x05F8	0x0A02      	XORLW       2
0x05FA	0xE0BE      	BZ          L_move87
0x05FC	0x5017      	MOVF        _PValve, 0 
0x05FE	0x0AFE      	XORLW       254
0x0600	0xE0C8      	BZ          L_move89
0x0602	0x5017      	MOVF        _PValve, 0 
0x0604	0x0A01      	XORLW       1
0x0606	0xE0D1      	BZ          L_move91
0x0608	0x5017      	MOVF        _PValve, 0 
0x060A	0x0AFF      	XORLW       255
0x060C	0xE0DB      	BZ          L_move93
0x060E	0xD7E6      	BRA         L_move95
L_move78:
;mains.h,88 :: 		}
L_end_move:
0x0610	0x0012      	RETURN      0
; end of _move
_rotate_right:
;mains.h,189 :: 		void rotate_right() {
;mains.h,191 :: 		do {
L_rotate_right106:
;mains.h,192 :: 		rotate(right);
0x0612	0x0E01      	MOVLW       1
0x0614	0x6E23      	MOVWF       FARG_rotate_side 
0x0616	0xDEB6      	RCALL       _rotate
;mains.h,193 :: 		IR_read();
0x0618	0xDDFF      	RCALL       _IR_read
;mains.h,194 :: 		} while (sensor8 == 1);
0x061A	0x5018      	MOVF        _sensor8, 0 
0x061C	0x0A01      	XORLW       1
0x061E	0xE0F9      	BZ          L_rotate_right106
;mains.h,196 :: 		do {
L_rotate_right109:
;mains.h,197 :: 		rotate(right);
0x0620	0x0E01      	MOVLW       1
0x0622	0x6E23      	MOVWF       FARG_rotate_side 
0x0624	0xDEAF      	RCALL       _rotate
;mains.h,198 :: 		IR_read();
0x0626	0xDDF8      	RCALL       _IR_read
;mains.h,199 :: 		} while (sensor8 == 0);
0x0628	0x5018      	MOVF        _sensor8, 0 
0x062A	0x0A00      	XORLW       0
0x062C	0xE0F9      	BZ          L_rotate_right109
;mains.h,201 :: 		do {
L_rotate_right112:
;mains.h,202 :: 		rotate(right);
0x062E	0x0E01      	MOVLW       1
0x0630	0x6E23      	MOVWF       FARG_rotate_side 
0x0632	0xDEA8      	RCALL       _rotate
;mains.h,203 :: 		IR_read();
0x0634	0xDDF1      	RCALL       _IR_read
;mains.h,204 :: 		} while (sensor5 == 1);
0x0636	0x501E      	MOVF        _sensor5, 0 
0x0638	0x0A01      	XORLW       1
0x063A	0xE0F9      	BZ          L_rotate_right112
;mains.h,206 :: 		stop_motor();
0x063C	0xDDFD      	RCALL       _stop_motor
;mains.h,207 :: 		}
L_end_rotate_right:
0x063E	0x0012      	RETURN      0
; end of _rotate_right
_main:
;MyProject.c,25 :: 		void main() {
;MyProject.c,28 :: 		init_main();
0x0640	0xDEF2      	RCALL       _init_main
;MyProject.c,29 :: 		first_line = 1;
0x0642	0x0E01      	MOVLW       1
0x0644	0x6E15      	MOVWF       _first_line 
;MyProject.c,31 :: 		while (ON) {
L_main124:
;MyProject.c,34 :: 		while (first_line) {
L_main126:
0x0646	0x5215      	MOVF        _first_line, 1 
0x0648	0xE016      	BZ          L_main127
;MyProject.c,35 :: 		move();
0x064A	0xDF5F      	RCALL       _move
;MyProject.c,36 :: 		junc_value = junction();
0x064C	0xDF07      	RCALL       _junction
0x064E	0xF016C000  	MOVFF       R0, _junc_value
;MyProject.c,37 :: 		if (junc_value == strip) {
0x0652	0x5000      	MOVF        R0, 0 
0x0654	0x0A02      	XORLW       2
0x0656	0xE10E      	BNZ         L_main128
;MyProject.c,38 :: 		move();
0x0658	0xDF58      	RCALL       _move
;MyProject.c,39 :: 		Delay_ms(300);
0x065A	0x0E02      	MOVLW       2
0x065C	0x6E0B      	MOVWF       R11, 0
0x065E	0x0E86      	MOVLW       134
0x0660	0x6E0C      	MOVWF       R12, 0
0x0662	0x0E99      	MOVLW       153
0x0664	0x6E0D      	MOVWF       R13, 0
L_main129:
0x0666	0x2E0D      	DECFSZ      R13, 1, 0
0x0668	0xD7FE      	BRA         L_main129
0x066A	0x2E0C      	DECFSZ      R12, 1, 0
0x066C	0xD7FC      	BRA         L_main129
0x066E	0x2E0B      	DECFSZ      R11, 1, 0
0x0670	0xD7FA      	BRA         L_main129
;MyProject.c,40 :: 		first_line = 0;
0x0672	0x6A15      	CLRF        _first_line 
;MyProject.c,41 :: 		}
L_main128:
;MyProject.c,42 :: 		}
0x0674	0xD7E8      	BRA         L_main126
L_main127:
;MyProject.c,45 :: 		junc_value = junction();
0x0676	0xDEF2      	RCALL       _junction
0x0678	0xF016C000  	MOVFF       R0, _junc_value
;MyProject.c,48 :: 		if (junc_value == on_line) {
0x067C	0x5000      	MOVF        R0, 0 
0x067E	0x0A04      	XORLW       4
0x0680	0xE102      	BNZ         L_main130
;MyProject.c,49 :: 		move();
0x0682	0xDF43      	RCALL       _move
;MyProject.c,50 :: 		}
0x0684	0xD05B      	BRA         L_main131
L_main130:
;MyProject.c,53 :: 		else if (junc_value == right) {
0x0686	0x5016      	MOVF        _junc_value, 0 
0x0688	0x0A01      	XORLW       1
0x068A	0xE116      	BNZ         L_main132
;MyProject.c,54 :: 		Delay_ms(150);
0x068C	0x0EC3      	MOVLW       195
0x068E	0x6E0C      	MOVWF       R12, 0
0x0690	0x0ECD      	MOVLW       205
0x0692	0x6E0D      	MOVWF       R13, 0
L_main133:
0x0694	0x2E0D      	DECFSZ      R13, 1, 0
0x0696	0xD7FE      	BRA         L_main133
0x0698	0x2E0C      	DECFSZ      R12, 1, 0
0x069A	0xD7FC      	BRA         L_main133
;MyProject.c,55 :: 		stop_motor();
0x069C	0xDDCD      	RCALL       _stop_motor
;MyProject.c,56 :: 		Delay_ms(50);
0x069E	0x0E41      	MOVLW       65
0x06A0	0x6E0C      	MOVWF       R12, 0
0x06A2	0x0EEE      	MOVLW       238
0x06A4	0x6E0D      	MOVWF       R13, 0
L_main134:
0x06A6	0x2E0D      	DECFSZ      R13, 1, 0
0x06A8	0xD7FE      	BRA         L_main134
0x06AA	0x2E0C      	DECFSZ      R12, 1, 0
0x06AC	0xD7FC      	BRA         L_main134
0x06AE	0x0000      	NOP
;MyProject.c,57 :: 		rotate_right();
0x06B0	0xDFB0      	RCALL       _rotate_right
;MyProject.c,58 :: 		fan_job();
0x06B2	0xDEC5      	RCALL       _fan_job
;MyProject.c,59 :: 		rotate_left();
0x06B4	0xDEA4      	RCALL       _rotate_left
;MyProject.c,68 :: 		}
0x06B6	0xD042      	BRA         L_main135
L_main132:
;MyProject.c,71 :: 		else if (junc_value == left) {
0x06B8	0x5016      	MOVF        _junc_value, 0 
0x06BA	0x0A00      	XORLW       0
0x06BC	0xE116      	BNZ         L_main136
;MyProject.c,72 :: 		Delay_ms(150);
0x06BE	0x0EC3      	MOVLW       195
0x06C0	0x6E0C      	MOVWF       R12, 0
0x06C2	0x0ECD      	MOVLW       205
0x06C4	0x6E0D      	MOVWF       R13, 0
L_main137:
0x06C6	0x2E0D      	DECFSZ      R13, 1, 0
0x06C8	0xD7FE      	BRA         L_main137
0x06CA	0x2E0C      	DECFSZ      R12, 1, 0
0x06CC	0xD7FC      	BRA         L_main137
;MyProject.c,73 :: 		stop_motor();
0x06CE	0xDDB4      	RCALL       _stop_motor
;MyProject.c,74 :: 		Delay_ms(50);
0x06D0	0x0E41      	MOVLW       65
0x06D2	0x6E0C      	MOVWF       R12, 0
0x06D4	0x0EEE      	MOVLW       238
0x06D6	0x6E0D      	MOVWF       R13, 0
L_main138:
0x06D8	0x2E0D      	DECFSZ      R13, 1, 0
0x06DA	0xD7FE      	BRA         L_main138
0x06DC	0x2E0C      	DECFSZ      R12, 1, 0
0x06DE	0xD7FC      	BRA         L_main138
0x06E0	0x0000      	NOP
;MyProject.c,75 :: 		rotate_left();
0x06E2	0xDE8D      	RCALL       _rotate_left
;MyProject.c,76 :: 		fan_job();
0x06E4	0xDEAC      	RCALL       _fan_job
;MyProject.c,77 :: 		rotate_right();
0x06E6	0xDF95      	RCALL       _rotate_right
;MyProject.c,85 :: 		}
0x06E8	0xD029      	BRA         L_main139
L_main136:
;MyProject.c,87 :: 		else if (junc_value == strip) {
0x06EA	0x5016      	MOVF        _junc_value, 0 
0x06EC	0x0A02      	XORLW       2
0x06EE	0xE126      	BNZ         L_main140
;MyProject.c,88 :: 		Delay_ms(150);
0x06F0	0x0EC3      	MOVLW       195
0x06F2	0x6E0C      	MOVWF       R12, 0
0x06F4	0x0ECD      	MOVLW       205
0x06F6	0x6E0D      	MOVWF       R13, 0
L_main141:
0x06F8	0x2E0D      	DECFSZ      R13, 1, 0
0x06FA	0xD7FE      	BRA         L_main141
0x06FC	0x2E0C      	DECFSZ      R12, 1, 0
0x06FE	0xD7FC      	BRA         L_main141
;MyProject.c,89 :: 		stop_motor();
0x0700	0xDD9B      	RCALL       _stop_motor
;MyProject.c,90 :: 		Delay_ms(50);
0x0702	0x0E41      	MOVLW       65
0x0704	0x6E0C      	MOVWF       R12, 0
0x0706	0x0EEE      	MOVLW       238
0x0708	0x6E0D      	MOVWF       R13, 0
L_main142:
0x070A	0x2E0D      	DECFSZ      R13, 1, 0
0x070C	0xD7FE      	BRA         L_main142
0x070E	0x2E0C      	DECFSZ      R12, 1, 0
0x0710	0xD7FC      	BRA         L_main142
0x0712	0x0000      	NOP
;MyProject.c,91 :: 		rotate_left();
0x0714	0xDE74      	RCALL       _rotate_left
;MyProject.c,92 :: 		fan_job();
0x0716	0xDE93      	RCALL       _fan_job
;MyProject.c,93 :: 		rotate_right();
0x0718	0xDF7C      	RCALL       _rotate_right
;MyProject.c,94 :: 		Delay_ms(500);
0x071A	0x0E03      	MOVLW       3
0x071C	0x6E0B      	MOVWF       R11, 0
0x071E	0x0E8A      	MOVLW       138
0x0720	0x6E0C      	MOVWF       R12, 0
0x0722	0x0E55      	MOVLW       85
0x0724	0x6E0D      	MOVWF       R13, 0
L_main143:
0x0726	0x2E0D      	DECFSZ      R13, 1, 0
0x0728	0xD7FE      	BRA         L_main143
0x072A	0x2E0C      	DECFSZ      R12, 1, 0
0x072C	0xD7FC      	BRA         L_main143
0x072E	0x2E0B      	DECFSZ      R11, 1, 0
0x0730	0xD7FA      	BRA         L_main143
0x0732	0x0000      	NOP
0x0734	0x0000      	NOP
;MyProject.c,95 :: 		rotate_right();
0x0736	0xDF6D      	RCALL       _rotate_right
;MyProject.c,96 :: 		fan_job();
0x0738	0xDE82      	RCALL       _fan_job
;MyProject.c,97 :: 		rotate_left();
0x073A	0xDE61      	RCALL       _rotate_left
;MyProject.c,98 :: 		}
L_main140:
L_main139:
L_main135:
L_main131:
;MyProject.c,99 :: 		}
0x073C	0xD784      	BRA         L_main124
;MyProject.c,100 :: 		}
L_end_main:
0x073E	0xD7FF      	BRA         $+0
; end of _main
Symbol List:
//** Routines locations **
//ADDRESS    SIZE    PROCEDURE
//----------------------------------------------
0x001C       [8]    _PWM1_Init
0x0024       [8]    _PWM2_Init
0x002C      [80]    _Mul_16X16_U
0x007C      [66]    _sensor_assign
0x00BE      [34]    _IR_low
0x00E0      [34]    _IR_high
0x0102      [10]    _PWM1_Start
0x010C     [108]    _PWM2_Set_Duty
0x0178      [10]    _PWM2_Start
0x0182     [108]    _PWM1_Set_Duty
0x01EE      [10]    _PWM1_Stop
0x01F8      [10]    _PWM2_Stop
0x0202      [22]    _init_PWM
0x0218      [32]    _IR_read
0x0238      [14]    _stop_motor
0x0246      [16]    _init_motor
0x0256      [14]    _init_sonar
0x0264     [278]    _position
0x037A      [10]    _init_sensor
0x0384      [48]    _rotate
0x03B4      [26]    _move_forth
0x03CE      [48]    _turn
0x03FE      [40]    _rotate_left
0x0426       [8]    _init_main
0x042E      [16]    ___CC2DW
0x043E      [30]    _fan_job
0x045C     [174]    _junction
0x050A     [264]    _move
0x0612      [46]    _rotate_right
0x0640     [256]    _main
//** Variables locations ** 
//ADDRESS    SIZE    VARIABLE
//----------------------------------------------
0x0000       [1]    EEPROM_Write_SaveINTCON_L0
0x0000       [1]    FLASH_Erase_64_SaveINTCON_L0
0x0000       [1]    SPI1_Write_tmp_L0
0x0000       [1]    R0
0x0000       [1]    __Lib_SoftI2C_PutZerosToLATScl_temp_scl_L0
0x0000       [1]    UART1_Init_tmp_L0
0x0000       [1]    __Lib_SoftI2C_PutZerosToLATSda_temp_sda_L0
0x0001       [1]    __Lib_TFT_JPEG_FileRead_i_L0
0x0001       [1]    __Lib_TFT_16bit_JPEG_FileRead_i_L0
0x0001       [1]    FLASH_Erase_Write_64_i_L0
0x0001       [1]    UART1_Read___tmp_UART1_Read_L0
0x0001       [1]    __Lib_TFT_16bit_JPEG_FileReadBytes_Result_L0
0x0001       [1]    ispunct_rslt_L0
0x0001       [1]    R1
0x0001       [1]    __Lib_PS2_Wait_Falling_nsample_L0
0x0001       [2]    FLASH_Read_N_Bytes_i_L0
0x0001       [1]    FLASH_Write_8_i_L0
0x0001       [1]    __Lib_TFT_JPEG_FileReadBytes_Result_L0
0x0002       [1]    FLASH_Write_8_SaveINTCON_L0
0x0002       [2]    strlen_cp_L0
0x0002       [2]    memcpy_dd_L0
0x0002       [2]    memchr_s_L0
0x0002       [1]    R2
0x0002       [1]    FLASH_Erase_Write_64_j_L0
0x0002       [2]    memset_pp_L0
0x0003       [1]    MM_Init_i_L0
0x0003       [2]    MM_TotalFreeMemSize_Tot_L0
0x0003       [1]    R3
0x0003       [2]    memmove_tt_L0
0x0003       [2]    Ltrim_original_L0
0x0003       [1]    FLASH_Erase_Write_64_SaveINTCON_L0
0x0003       [2]    __Lib_MmcFat16_f16_toInt_l_L0
0x0003       [1]    __Lib_Sprinti_?FLOC____Lib_Sprinti_Do_FillT29
0x0004       [2]    strcpy_cp_L0
0x0004       [2]    strcat_cp_L0
0x0004       [2]    memcpy_ss_L0
0x0004       [1]    __Lib_Sprinti_?FLOC____Lib_Sprinti_Do_FillT40
0x0004       [2]    __Lib_MemManager_MM_GetMemAlign_P_L0
0x0004       [2]    frexp_pom_L0
0x0004       [2]    strncat_cp_L0
0x0004       [2]    strncpy_cp_L0
0x0004       [1]    R4
0x0005       [1]    __Lib_Sprinti_?FLOC____Lib_Sprinti_Do_FillT54
0x0005       [2]    LongIntToHex_input_half_L0
0x0005       [2]    LongWordToHex_input_half_L0
0x0005       [2]    Ltrim_p_L0
0x0005       [1]    R5
0x0005       [2]    memmove_ff_L0
0x0005       [1]    MM_TotalFreeMemSize_i_L0
0x0006       [1]    __Lib_MemManager_MM_GetMemAlign_i_L0
0x0006       [1]    R6
0x0006       [1]    __Lib_Sprinti_?FLOC____Lib_Sprinti_Do_FillT69
0x0007       [1]    __Lib_TFT_JPEG_GenerateHuffmanTables_bLength_L0
0x0007       [1]    R7
0x0007       [1]    __Lib_TFT_16bit_JPEG_GenerateHuffmanTables_bLength_L0
0x0008       [1]    __Lib_TFT_16bit_JPEG_GenerateHuffmanTables_bTable_L0
0x0008       [1]    R8
0x0008       [1]    __Lib_TFT_JPEG_GenerateHuffmanTables_bTable_L0
0x0009       [1]    R9
0x0009       [4]    __Lib_MmcFat16_f16_toLong_l_L0
0x000A       [1]    R10
0x000B       [1]    R11
0x000C       [1]    R12
0x000D       [1]    R13
0x000E       [1]    R14
0x000F       [1]    R15
0x0010       [1]    R16
0x0011       [1]    R17
0x0012       [1]    R18
0x0013       [1]    R19
0x0014       [1]    R20
0x0015       [1]    _first_line
0x0016       [1]    _junc_value
0x0017       [1]    _PValve
0x0018       [1]    _sensor8
0x0019       [1]    _junc_val
0x001A       [1]    _pos
0x001B       [1]    _sensor2
0x001C       [1]    _sensor3
0x001D       [1]    _sensor6
0x001E       [1]    _sensor5
0x001F       [1]    _sensor4
0x0020       [1]    _pos_val
0x0021       [1]    _sensor1
0x0022       [1]    _sensor7
0x0023       [1]    FARG_rotate_side
0x0023       [1]    FARG_turn_side
0x0024       [1]    FARG_PWM1_Set_Duty_new_duty
0x0024       [1]    FARG_PWM2_Set_Duty_new_duty
0x0025       [4]    FARG_PWM1_Init_PWM_Freq
0x0025       [4]    FARG_PWM2_Init_PWM_Freq
0x0F80       [1]    PORTA
0x0F84       [1]    PORTE
0x0F89       [1]    LATA
0x0F8B       [1]    LATC
0x0F8C       [1]    LATD
0x0F8D       [1]    LATE
0x0F92       [1]    TRISA
0x0F93       [1]    TRISB
0x0F94       [1]    TRISC
0x0F94       [0]    TRISC2_bit
0x0F94       [0]    TRISC1_bit
0x0F95       [1]    TRISD
0x0F96       [1]    TRISE
0x0FB8       [1]    ANSEL0
0x0FB9       [1]    ANSEL1
0x0FBA       [1]    CCP2CON
0x0FBB       [1]    CCPR2L
0x0FBD       [1]    CCP1CON
0x0FBE       [1]    CCPR1L
0x0FCA       [1]    T2CON
0x0FCB       [1]    PR2
0x0FD8       [1]    STATUS
0x0FD9       [1]    FSR2L
0x0FDA       [1]    FSR2H
0x0FDE       [1]    POSTINC2
0x0FE0       [1]    BSR
0x0FE1       [1]    FSR1L
0x0FE2       [1]    FSR1H
0x0FE4       [1]    PREINC1
0x0FE6       [1]    POSTINC1
0x0FE7       [1]    INDF1
0x0FE8       [1]    WREG
0x0FE9       [1]    FSR0L
0x0FEA       [1]    FSR0H
0x0FEE       [1]    POSTINC0
0x0FF3       [1]    PRODL
0x0FF4       [1]    PRODH
0x0FF5       [1]    TABLAT
0x0FF6       [1]    TBLPTRL
0x0FF7       [1]    TBLPTRH
0x0FF8       [1]    TBLPTRU
//** Label List: ** 
//----------------------------------------------
  L_Trigger_10
  L_Trigger_21
  L_Trigger_32
  L_check_right3
  L_check_right4
  L_check_right5
  L_check_right6
  L_check_right7
  L_check_right8
  L_check_right9
  L_check_right10
  L_check_right11
  L_check_right12
  L_check_right13
  L_check_right14
  L_check_left15
  L_check_left16
  L_check_left17
  L_check_left18
  L_check_left19
  L_check_left20
  L_check_left21
  L_check_left22
  L_check_left23
  L_check_left24
  L_check_left25
  L_check_left26
  L_check_front27
  L_check_front28
  L_check_front29
  L_check_front30
  L_check_front31
  L_check_front32
  L_check_front33
  L_check_front34
  L_check_front35
  L_check_front36
  L_check_front37
  L_check_front38
  L_test_board39
  L_test_board40
  L_IR_read41
  L_IR_read42
  L_position43
  L_position44
  L_position45
  L_position46
  L_position47
  L_position48
  L_position49
  L_position50
  L_position51
  L_position52
  L_position53
  L_position54
  L_position55
  L_position56
  L_position57
  L_position58
  L_position59
  L_position60
  L_junction61
  L_junction62
  L_junction63
  L_junction64
  L_junction65
  L_junction66
  L_junction67
  L_junction68
  L_junction69
  L_turn70
  L_turn71
  L_turn72
  L_rotate73
  L_rotate74
  L_rotate75
  L_fan_job76
  L_move77
  L_move78
  L_move79
  L_move80
  L_move81
  L_move82
  L_move83
  L_move84
  L_move85
  L_move86
  L_move87
  L_move88
  L_move89
  L_move90
  L_move91
  L_move92
  L_move93
  L_move94
  L_move95
  L_right_junction96
  L_right_junction97
  L_right_junction98
  L_left_junction99
  L_left_junction100
  L_left_junction101
  L_RrandLl102
  L_end_course103
  L_end_course104
  L_end_course105
  L_rotate_right106
  L_rotate_right107
  L_rotate_right108
  L_rotate_right109
  L_rotate_right110
  L_rotate_right111
  L_rotate_right112
  L_rotate_right113
  L_rotate_right114
  L_rotate_left115
  L_rotate_left116
  L_rotate_left117
  L_rotate_left118
  L_rotate_left119
  L_rotate_left120
  L_rotate_left121
  L_rotate_left122
  L_rotate_left123
  L_main124
  L_main125
  L_main126
  L_main127
  L_main128
  L_main129
  L_main130
  L_main131
  L_main132
  L_main133
  L_main134
  L_main135
  L_main136
  L_main137
  L_main138
  L_main139
  L_main140
  L_main141
  L_main142
  L_main143
  L_end_init_sonar
  _init_sonar
  L_end_Trigger_1
  _Trigger_1
  L_end_Trigger_2
  _Trigger_2
  L_end_Trigger_3
  _Trigger_3
  L_end_check_right
  _check_right
  L__check_right149
  L_end_check_left
  _check_left
  L__check_left151
  L_end_check_front
  _check_front
  L__check_front153
  L_end_init_led
  _init_led
  L_end_test_board
  _test_board
  L_end_init_sensor
  _init_sensor
  L_end_IR_high
  _IR_high
  L_end_IR_low
  _IR_low
  L_end_sensor_assign
  _sensor_assign
  L_end_IR_read
  _IR_read
  L_end_position
  _position
  L_end_junction
  _junction
  L_end_init_PWM
  _init_PWM
  L_end_init_motor
  _init_motor
  L_end_stop_motor
  _stop_motor
  L_end_move_forth
  _move_forth
  L_end_turn
  _turn
  L_end_rotate
  _rotate
  L_end_reverse
  _reverse
  L_end_fan_job
  _fan_job
  L_end_move
  _move
  L_end_right_junction
  _right_junction
  L_end_left_junction
  _left_junction
  L_end_RrandLl
  _RrandLl
  L_end_Rronly
  _Rronly
  L_end_Llonly
  _Llonly
  L_end_end_course
  _end_course
  L_end_rotate_right
  _rotate_right
  L_end_rotate_left
  _rotate_left
  L_end_init_main
  _init_main
  L_end_main
  _main
  L_Div_16x16_S0
  L_Div_16x16_S1
  LOOPS3232A
  SADD22LA
  SOK22LA
  SADD22L8
  SOK22L8
  LOOPS3232B
  SADD22LB
  SOK22LB
  SADD22L16
  SOK22L16
  LOOPS3232C
  SADD22LC
  SOK22LC
  SADD22L24
  SOK22L24
  LOOPS3232D
  SADD22LD
  SOK22LD
  SOK22L
  L_Div_32x32_S6
  L_Div_32x32_S7
  L_Div_32x32_S8
  L_Div_32x32_S9
  FXD3232S
  END_ALL
  CA3232S
  C3232SX
  C3232SX1
  C3232S
  C3232S2
  C3232SX4
  C3232SOK
  C3232SX3
  C3232SX2
  avoid_comfrem
  LOOPU3232A
  UADD22LA
  UOK22LA
  UADD22L8
  UOK22L8
  LOOPU3232B
  UADD22LB
  UOK22LB
  UADD22L16
  UOK22L16
  LOOPU3232C
  UADD22LC
  UOK22LC
  UADD22L24
  UOK22L24
  LOOPU3232D
  UADD22LD
  UOK22LD
  UOK22L
  _NEXT
  _EXIT2
  _LOOP
  _EXIT1
  _IF_FIRST
  _IF_SECOND
  _INVERCE_FIRST
  _MULT
  _INBERSE_SECOND
  _EXIT
  L_end_Div_8X8_U
  _Div_8X8_U
  L_end_Div_16X16_U
  _Div_16X16_U
  L_end_Div_16x16_S_L
  _Div_16x16_S_L
  L_end_Div_16x16_S
  _Div_16x16_S
  L_end_Div_8X8_S
  _Div_8X8_S
  L_end_Mul_8X8_S
  _Mul_8X8_S
  L_end_Mul_16X16_U
  _Mul_16X16_U
  L_end_Mul_16X16_S
  _Mul_16X16_S
  L_end_SDIV3232L
  _SDIV3232L
  L_end_COMFREM
  _COMFREM
  L_end_Div_32x32_S
  _Div_32x32_S
  L_end_Div_32x32_U
  _Div_32x32_U
  L_end_Mul_32x32_U
  _Mul_32x32_U
  L_end_Mul_32x32_S
  _Mul_32x32_S
  L_end_PWM2_Init
  _PWM2_Init
  L_end_PWM2_Set_Duty
  _PWM2_Set_Duty
  L__PWM2_Set_Duty2
  L__PWM2_Set_Duty3
  L__PWM2_Set_Duty4
  L__PWM2_Set_Duty5
  L_end_PWM2_Start
  _PWM2_Start
  L_end_PWM2_Stop
  _PWM2_Stop
  L_end_PWM1_Init
  _PWM1_Init
  L_end_PWM1_Set_Duty
  _PWM1_Set_Duty
  L__PWM1_Set_Duty10
  L__PWM1_Set_Duty11
  L__PWM1_Set_Duty12
  L__PWM1_Set_Duty13
  L_end_PWM1_Start
  _PWM1_Start
  L_end_PWM1_Stop
  _PWM1_Stop
  _CC2D_Loop1
  _CC2DL_Loop1
  L_loopCA2AWs
  L_loopCCA2AWs
  L_loopCS2Ss
  L_CS2Send
  L_loopCCS2Ss
  L_CCS2Send
  L_loopFZinSWs
  L_longjmp7
  L_end___CC2D
  ___CC2D
  L_end___CC2DW
  ___CC2DW
  L_end___CA2AW
  ___CA2AW
  L_end___CCA2AW
  ___CCA2AW
  L_end___CS2S
  ___CS2S
  L_end___CCS2S
  ___CCS2S
  L_end___FZinS
  ___FZinS
  L_end_____DoIFC
  _____DoIFC
  L_end_Swap
  _Swap
  L_end_setjmp
  _setjmp
  L_end_longjmp
  _longjmp
